#
# There is insufficient memory for the Java Runtime Environment to continue.
# Native memory allocation (malloc) failed to allocate 32768 bytes for AllocateHeap
# Possible reasons:
#   The system is out of physical RAM or swap space
#   The process is running with CompressedOops enabled, and the Java Heap may be blocking the growth of the native heap
# Possible solutions:
#   Reduce memory load on the system
#   Increase physical memory or swap space
#   Check if swap backing store is full
#   Decrease Java heap size (-Xmx/-Xms)
#   Decrease number of Java threads
#   Decrease Java thread stack sizes (-Xss)
#   Set larger code cache with -XX:ReservedCodeCacheSize=
#   JVM is running with Unscaled Compressed Oops mode in which the Java heap is
#     placed in the first 4GB address space. The Java Heap base address is the
#     maximum limit for the native heap growth. Please use -XX:HeapBaseMinAddress
#     to set the Java Heap base and to place the Java Heap above 4GB virtual address.
# This output file may be truncated or incomplete.
#
#  Out of Memory Error (./src/hotspot/share/memory/allocation.cpp:46), pid=7324, tid=13820
#
# JRE version:  (11.0.16.1+1) (build )
# Java VM: OpenJDK 64-Bit Server VM (11.0.16.1+1, mixed mode, tiered, compressed oops, g1 gc, windows-amd64)
# No core dump will be written. Minidumps are not enabled by default on client versions of Windows
#

---------------  S U M M A R Y ------------

Command Line: org.jetbrains.kotlin.cli.jvm.K2JVMCompiler @C:\Users\Sajim\Desktop\Summarizer\node_modules\react-native-screens\android\build\20221105_13277369547892493913.compiler.options

Host: Intel(R) Xeon(R) Platinum 8370C CPU @ 2.80GHz, 2 cores, 7G,  Windows 10 , 64 bit Build 19041 (10.0.19041.1889)
Time: Sat Nov  5 15:06:27 2022 Coordinated Universal Time elapsed time: 0.029980 seconds (0d 0h 0m 0s)

---------------  T H R E A D  ---------------

Current thread (0x000002257eecd800):  JavaThread "Unknown thread" [_thread_in_vm, id=13820, stack(0x000000bfeef00000,0x000000bfef000000)]

Stack: [0x000000bfeef00000,0x000000bfef000000]
Native frames: (J=compiled Java code, j=interpreted, Vv=VM code, C=native code)
V  [jvm.dll+0x61f18a]
V  [jvm.dll+0x7abb09]
V  [jvm.dll+0x7ad1f8]
V  [jvm.dll+0x7ad8d3]
V  [jvm.dll+0x24fc38]
V  [jvm.dll+0xb950a]
V  [jvm.dll+0x343ac3]
V  [jvm.dll+0x343dce]
V  [jvm.dll+0x64e2ce]
V  [jvm.dll+0x7449aa]
V  [jvm.dll+0x7452f1]
V  [jvm.dll+0x7427b8]
V  [jvm.dll+0x7854ba]
V  [jvm.dll+0x787058]
V  [jvm.dll+0x35f8d0]
V  [jvm.dll+0x7688c0]
V  [jvm.dll+0x3cd3bf]
V  [jvm.dll+0x3cf751]
C  [jli.dll+0x5207]
C  [ucrtbase.dll+0x21bb2]
C  [KERNEL32.DLL+0x17034]
C  [ntdll.dll+0x526a1]


---------------  P R O C E S S  ---------------

Threads class SMR info:
_java_thread_list=0x000002257edd16d0, length=0, elements={
}

Java Threads: ( => current thread )

Other Threads:
  0x000002257eee5800 GCTaskThread "GC Thread#0" [stack: 0x000000bfef100000,0x000000bfef200000] [id=7996]
  0x000002257ef17800 ConcurrentGCThread "G1 Main Marker" [stack: 0x000000bfef200000,0x000000bfef300000] [id=9336]
  0x000002257ef19000 ConcurrentGCThread "G1 Conc#0" [stack: 0x000000bfef300000,0x000000bfef400000] [id=9940]
  0x000002257efa1000 ConcurrentGCThread "G1 Refine#0" [stack: 0x000000bfef400000,0x000000bfef500000] [id=4600]
  0x000002257efa3000 ConcurrentGCThread "G1 Young RemSet Sampling" [stack: 0x000000bfef500000,0x000000bfef600000] [id=3212]

=>0x000002257eecd800 (exited) JavaThread "Unknown thread" [_thread_in_vm, id=13820, stack(0x000000bfeef00000,0x000000bfef000000)]

Threads with active compile tasks:

VM state:not at safepoint (not fully initialized)

VM Mutex/Monitor currently owned by a thread:  ([mutex/lock_event])
[0x000002257eec7e80] SystemDictionary_lock - owner thread: 0x000002257eecd800

Heap address: 0x0000000080000000, size: 2048 MB, Compressed Oops mode: 32-bit
Narrow klass base: 0x0000000000000000, Narrow klass shift: 3
Compressed class space size: 1073741824 Address: 0x0000000100000000

GC Heap History (0 events):
No events

Deoptimization events (0 events):
No events

Classes redefined (0 events):
No events

Internal exceptions (0 events):
No events

Events (1 events):
Event: 0.009 Loaded shared library C:\Program Files\Eclipse Adoptium\jdk-11.0.16.101-hotspot\bin\zip.dll


Dynamic libraries:
0x00007ff617210000 - 0x00007ff61721d000 	C:\Program Files\Eclipse Adoptium\jdk-11.0.16.101-hotspot\bin\java.exe
0x00007fffc2370000 - 0x00007fffc2568000 	C:\Windows\SYSTEM32\ntdll.dll
0x00007fffc1d10000 - 0x00007fffc1dcd000 	C:\Windows\System32\KERNEL32.DLL
0x00007fffc00f0000 - 0x00007fffc03c2000 	C:\Windows\System32\KERNELBASE.dll
0x00007fffbfb50000 - 0x00007fffbfc50000 	C:\Windows\System32\ucrtbase.dll
0x00007fffb2060000 - 0x00007fffb2077000 	C:\Program Files\Eclipse Adoptium\jdk-11.0.16.101-hotspot\bin\jli.dll
0x00007fffc1500000 - 0x00007fffc169d000 	C:\Windows\System32\USER32.dll
0x00007fffbfb20000 - 0x00007fffbfb42000 	C:\Windows\System32\win32u.dll
0x00007fffc2150000 - 0x00007fffc217b000 	C:\Windows\System32\GDI32.dll
0x00007fffbffb0000 - 0x00007fffc00bf000 	C:\Windows\System32\gdi32full.dll
0x00007fffbfa80000 - 0x00007fffbfb1d000 	C:\Windows\System32\msvcp_win.dll
0x00007fffb1ea0000 - 0x00007fffb1eb5000 	C:\Program Files\Eclipse Adoptium\jdk-11.0.16.101-hotspot\bin\VCRUNTIME140.dll
0x00007fffb70f0000 - 0x00007fffb738a000 	C:\Windows\WinSxS\amd64_microsoft.windows.common-controls_6595b64144ccf1df_6.0.19041.1110_none_60b5254171f9507e\COMCTL32.dll
0x00007fffc1700000 - 0x00007fffc179e000 	C:\Windows\System32\msvcrt.dll
0x00007fffc0fc0000 - 0x00007fffc0ff0000 	C:\Windows\System32\IMM32.DLL
0x00007fff87b20000 - 0x00007fff87bbb000 	C:\Program Files\Eclipse Adoptium\jdk-11.0.16.101-hotspot\bin\msvcp140.dll
0x00007fff86f90000 - 0x00007fff87b12000 	C:\Program Files\Eclipse Adoptium\jdk-11.0.16.101-hotspot\bin\server\jvm.dll
0x00007fffc1450000 - 0x00007fffc14fe000 	C:\Windows\System32\ADVAPI32.dll
0x00007fffc1c10000 - 0x00007fffc1cac000 	C:\Windows\System32\sechost.dll
0x00007fffc11c0000 - 0x00007fffc12e5000 	C:\Windows\System32\RPCRT4.dll
0x00007fffc12f0000 - 0x00007fffc12f8000 	C:\Windows\System32\PSAPI.DLL
0x00007fffb73d0000 - 0x00007fffb73d9000 	C:\Windows\SYSTEM32\WSOCK32.dll
0x00007fffc22c0000 - 0x00007fffc232b000 	C:\Windows\System32\WS2_32.dll
0x00007fff948b0000 - 0x00007fff948d7000 	C:\Windows\SYSTEM32\WINMM.dll
0x00007fffb2290000 - 0x00007fffb229a000 	C:\Windows\SYSTEM32\VERSION.dll
0x00007fffbd340000 - 0x00007fffbd352000 	C:\Windows\SYSTEM32\kernel.appcore.dll
0x00007fffb2230000 - 0x00007fffb2240000 	C:\Program Files\Eclipse Adoptium\jdk-11.0.16.101-hotspot\bin\verify.dll
0x00007fffb9700000 - 0x00007fffb98e4000 	C:\Windows\SYSTEM32\DBGHELP.DLL
0x00007fffbb4b0000 - 0x00007fffbb4dc000 	C:\Windows\SYSTEM32\dbgcore.DLL
0x00007fffbfc50000 - 0x00007fffbfcd2000 	C:\Windows\System32\bcryptPrimitives.dll
0x00007fffb0e10000 - 0x00007fffb0e38000 	C:\Program Files\Eclipse Adoptium\jdk-11.0.16.101-hotspot\bin\java.dll
0x00007fffb21a0000 - 0x00007fffb21aa000 	C:\Program Files\Eclipse Adoptium\jdk-11.0.16.101-hotspot\bin\jimage.dll
0x00007fffb1390000 - 0x00007fffb13a8000 	C:\Program Files\Eclipse Adoptium\jdk-11.0.16.101-hotspot\bin\zip.dll

dbghelp: loaded successfully - version: 4.0.5 - missing functions: none
symbol engine: initialized successfully - sym options: 0x614 - pdb path: .;C:\Program Files\Eclipse Adoptium\jdk-11.0.16.101-hotspot\bin;C:\Windows\SYSTEM32;C:\Windows\WinSxS\amd64_microsoft.windows.common-controls_6595b64144ccf1df_6.0.19041.1110_none_60b5254171f9507e;C:\Program Files\Eclipse Adoptium\jdk-11.0.16.101-hotspot\bin\server

VM Arguments:
java_command: org.jetbrains.kotlin.cli.jvm.K2JVMCompiler @C:\Users\Sajim\Desktop\Summarizer\node_modules\react-native-screens\android\build\20221105_13277369547892493913.compiler.options
java_class_path (initial): C:\Users\Sajim\.gradle\caches\modules-2\files-2.1\org.jetbrains.kotlin\kotlin-compiler-embeddable\1.6.21\97bdd5a752ce73b58ef16c17bc7f0ea2faff7a2e\kotlin-compiler-embeddable-1.6.21.jar;C:\Users\Sajim\.gradle\caches\modules-2\files-2.1\org.jetbrains.kotlin\kotlin-reflect\1.6.21\5dc3574d9b7bebfcb4ec6b10ada4aaa9e140bd0b\kotlin-reflect-1.6.21.jar;C:\Users\Sajim\.gradle\caches\modules-2\files-2.1\org.jetbrains.kotlin\kotlin-stdlib\1.6.21\11ef67f1900634fd951bad28c53ec957fabbe5b8\kotlin-stdlib-1.6.21.jar;C:\Users\Sajim\.gradle\caches\modules-2\files-2.1\org.jetbrains.kotlin\kotlin-script-runtime\1.6.21\99c6675100da5d6d5b1c5a1032f27f28008d101b\kotlin-script-runtime-1.6.21.jar;C:\Users\Sajim\.gradle\caches\modules-2\files-2.1\org.jetbrains.kotlin\kotlin-daemon-embeddable\1.6.21\46b78cf392e1c4f10854c3cadba44abb7b82250f\kotlin-daemon-embeddable-1.6.21.jar;C:\Users\Sajim\.gradle\caches\modules-2\files-2.1\org.jetbrains.intellij.deps\trove4j\1.0.20200330\3afb14d5f9ceb459d724e907a21145e8ff394f02\trove4j-1.0.20200330.jar;C:\Users\Sajim\.gradle\caches\modules-2\files-2.1\net.java.dev.jna\jna\5.6.0\330f2244e9030119ab3030fc3fededc86713d9cc\jna-5.6.0.jar;C:\Users\Sajim\.gradle\caches\modules-2\files-2.1\org.jetbrains.kotlin\kotlin-stdlib-common\1.6.21\5e5b55c26dbc80372a920aef60eb774b714559b8\kotlin-stdlib-common-1.6.21.jar;C:\Users\Sajim\.gradle\caches\modules-2\files-2.1\org.jetbrains\annotations\13.0\919f0dfe192fb4e063e7dacadee7f8bb9a2672a9\annotations-13.0.jar
Launcher Type: SUN_STANDARD

[Global flags]
     intx CICompilerCount                          = 2                                         {product} {ergonomic}
     uint ConcGCThreads                            = 1                                         {product} {ergonomic}
     uint G1ConcRefinementThreads                  = 2                                         {product} {ergonomic}
   size_t G1HeapRegionSize                         = 1048576                                   {product} {ergonomic}
    uintx GCDrainStackTargetSize                   = 64                                        {product} {ergonomic}
   size_t InitialHeapSize                          = 134217728                                 {product} {ergonomic}
   size_t MarkStackSize                            = 4194304                                   {product} {ergonomic}
   size_t MaxHeapSize                              = 2147483648                                {product} {ergonomic}
   size_t MaxNewSize                               = 1287651328                                {product} {ergonomic}
   size_t MinHeapDeltaBytes                        = 1048576                                   {product} {ergonomic}
    uintx NonNMethodCodeHeapSize                   = 5825164                                {pd product} {ergonomic}
    uintx NonProfiledCodeHeapSize                  = 122916538                              {pd product} {ergonomic}
    uintx ProfiledCodeHeapSize                     = 122916538                              {pd product} {ergonomic}
    uintx ReservedCodeCacheSize                    = 251658240                              {pd product} {ergonomic}
     bool SegmentedCodeCache                       = true                                      {product} {ergonomic}
     bool UseCompressedClassPointers               = true                                 {lp64_product} {ergonomic}
     bool UseCompressedOops                        = true                                 {lp64_product} {ergonomic}
     bool UseG1GC                                  = true                                      {product} {ergonomic}
     bool UseLargePagesIndividualAllocation        = false                                  {pd product} {ergonomic}

Logging:
Log output configuration:
 #0: stdout all=warning uptime,level,tags
 #1: stderr all=off uptime,level,tags

Environment Variables:
CLASSPATH=C:\Users\Sajim\Desktop\Summarizer\android\\gradle\wrapper\gradle-wrapper.jar
PATH=C:\Program Files\Eclipse Adoptium\jdk-11.0.16.101-hotspot\bin;C:\Windows\system32;C:\Windows;C:\Windows\System32\Wbem;C:\Windows\System32\WindowsPowerShell\v1.0\;C:\Windows\System32\OpenSSH\;C:\ProgramData\chocolatey\bin;C:\Program Files\Git\cmd;C:\Program Files\Microsoft VS Code\bin;C:\Program Files\nodejs\;C:\Users\Sajim\AppData\Local\Microsoft\WindowsApps;C:\Users\Sajim\AppData\Roaming\npm
USERNAME=Sajim
OS=Windows_NT
PROCESSOR_IDENTIFIER=Intel64 Family 6 Model 106 Stepping 6, GenuineIntel
TMP=C:\Users\Sajim\AppData\Local\Temp
TEMP=C:\Users\Sajim\AppData\Local\Temp



---------------  S Y S T E M  ---------------

OS: Windows 10 , 64 bit Build 19041 (10.0.19041.1889)
OS uptime: 6 days 8:12 hours
Hyper-V virtualization detected

CPU:total 2 (initial active 2) (2 cores per cpu, 1 threads per core) family 6 model 106 stepping 6 microcode 0xffffffff, cmov, cx8, fxsr, mmx, sse, sse2, sse3, ssse3, sse4.1, sse4.2, popcnt, avx, avx2, aes, clmul, erms, rtm, 3dnowpref, lzcnt, tsc, bmi1, bmi2, adx, evex, fma

Memory: 4k page, system-wide physical 8190M (808M free)
TotalPageFile size 10238M (AvailPageFile size 31M)
current process WorkingSet (physical memory assigned to process): 16M, peak: 16M
current process commit charge ("private bytes"): 183M, peak: 186M

vm_info: OpenJDK 64-Bit Server VM (11.0.16.1+1) for windows-amd64 JRE (11.0.16.1+1), built on Aug 16 2022 02:58:04 by "" with MS VC++ 15.9 (VS2017)

END.
